Determining if the pthread_create exist failed with the following output:
Change Dir: /home/christian/dev/mine/build/CMakeFiles/CMakeTmp

Run Build Command:/usr/bin/make "cmTryCompileExec1232844459/fast"
/usr/bin/make -f CMakeFiles/cmTryCompileExec1232844459.dir/build.make CMakeFiles/cmTryCompileExec1232844459.dir/build
make[1]: Entering directory `/home/christian/dev/mine/build/CMakeFiles/CMakeTmp'
/usr/bin/cmake -E cmake_progress_report /home/christian/dev/mine/build/CMakeFiles/CMakeTmp/CMakeFiles 1
Building C object CMakeFiles/cmTryCompileExec1232844459.dir/CheckSymbolExists.c.o
/usr/bin/cc    -o CMakeFiles/cmTryCompileExec1232844459.dir/CheckSymbolExists.c.o   -c /home/christian/dev/mine/build/CMakeFiles/CMakeTmp/CheckSymbolExists.c
Linking C executable cmTryCompileExec1232844459
/usr/bin/cmake -E cmake_link_script CMakeFiles/cmTryCompileExec1232844459.dir/link.txt --verbose=1
/usr/bin/cc       CMakeFiles/cmTryCompileExec1232844459.dir/CheckSymbolExists.c.o  -o cmTryCompileExec1232844459 -rdynamic 
CMakeFiles/cmTryCompileExec1232844459.dir/CheckSymbolExists.c.o: In function `main':
CheckSymbolExists.c:(.text+0x16): undefined reference to `pthread_create'
collect2: error: ld returned 1 exit status
make[1]: Leaving directory `/home/christian/dev/mine/build/CMakeFiles/CMakeTmp'
make[1]: *** [cmTryCompileExec1232844459] Error 1
make: *** [cmTryCompileExec1232844459/fast] Error 2

File /home/christian/dev/mine/build/CMakeFiles/CMakeTmp/CheckSymbolExists.c:
/* */
#include <pthread.h>

int main(int argc, char** argv)
{
  (void)argv;
#ifndef pthread_create
  return ((int*)(&pthread_create))[argc];
#else
  (void)argc;
  return 0;
#endif
}

Determining if the function pthread_create exists in the pthreads failed with the following output:
Change Dir: /home/christian/dev/mine/build/CMakeFiles/CMakeTmp

Run Build Command:/usr/bin/make "cmTryCompileExec3564818029/fast"
/usr/bin/make -f CMakeFiles/cmTryCompileExec3564818029.dir/build.make CMakeFiles/cmTryCompileExec3564818029.dir/build
make[1]: Entering directory `/home/christian/dev/mine/build/CMakeFiles/CMakeTmp'
/usr/bin/cmake -E cmake_progress_report /home/christian/dev/mine/build/CMakeFiles/CMakeTmp/CMakeFiles 1
Building C object CMakeFiles/cmTryCompileExec3564818029.dir/CheckFunctionExists.c.o
/usr/bin/cc   -DCHECK_FUNCTION_EXISTS=pthread_create   -o CMakeFiles/cmTryCompileExec3564818029.dir/CheckFunctionExists.c.o   -c /usr/share/cmake-2.8/Modules/CheckFunctionExists.c
Linking C executable cmTryCompileExec3564818029
/usr/bin/cmake -E cmake_link_script CMakeFiles/cmTryCompileExec3564818029.dir/link.txt --verbose=1
/usr/bin/cc   -DCHECK_FUNCTION_EXISTS=pthread_create    CMakeFiles/cmTryCompileExec3564818029.dir/CheckFunctionExists.c.o  -o cmTryCompileExec3564818029 -rdynamic -lpthreads 
/usr/bin/ld: cannot find -lpthreads
collect2: error: ld returned 1 exit status
make[1]: Leaving directory `/home/christian/dev/mine/build/CMakeFiles/CMakeTmp'
make[1]: *** [cmTryCompileExec3564818029] Error 1
make: *** [cmTryCompileExec3564818029/fast] Error 2


